<?xml version="1.0" encoding="UTF-8"?>
<testsuite name="ohtu.RunCukesTest" tests="0" skipped="0" failures="0" errors="0" timestamp="1970-01-01T00:00:00" hostname="fuxi16" time="0.0">
  <properties/>
  <system-out><![CDATA[Feature: User can log in with valid username/password-combination

  Scenario: nonexistent user can not login to                  ?[90m# ohtu/login.feature:14?[0m
    ?[32mGiven ?[0m?[32mcommand login is selected?[0m                            ?[90m# Stepdefs.command_login_selected()?[0m
    ?[32mWhen ?[0m?[32musername "?[0m?[32m?[1mpekkaa?[0m?[32m" and password "?[0m?[32m?[1makkep?[0m?[32m" are entered?[0m    ?[90m# Stepdefs.a_username_and_password_are_entered(String,String)?[0m
    ?[32mThen ?[0m?[32msystem will respond with "?[0m?[32m?[1mwrong username or password?[0m?[32m"?[0m ?[90m# Stepdefs.system_will_respond_with(String)?[0m
Feature: A new user account can be created if a proper unused username and password are given

3 Scenarios (?[32m3 passed?[0m)
9 Steps (?[32m9 passed?[0m)
0m0.118s

]]></system-out>
  <system-err><![CDATA[]]></system-err>
</testsuite>
